<?xml version="1.0" encoding="UTF-8"?>
<testsuites>
	<testsuite errors="0" failures="0" file="test_001_form.py" name="test_001_form.FormTest-20230823160500" skipped="0" tests="1" time="17.059" timestamp="2023-08-23T16:05:17">
		<testcase classname="test_001_form.FormTest" file="github\seldom-web-testing_temp\test_dir\test_001_form.py" line="9" name="test_from" time="17.059" timestamp="2023-08-23T16:05:17">
			<doc>
<![CDATA[
        测试表单
        ]]>			</doc>
			<system-out>
<![CDATA[2023-08-23 16:05:00 | INFO     | webdriver.py | 📖 https://sahitest.com/demo/formTest.htm
2023-08-23 16:05:14 | INFO     | webdriver.py | ✅ accept alert.
2023-08-23 16:05:14 | INFO     | webdriver.py | ✅ Find 1 element: name=t1  -> input 'input1'.
2023-08-23 16:05:14 | INFO     | webdriver.py | ✅ Find 1 element: xpath=/html/body/form/table/tbody/tr[3]/td[2]/input  -> input 'input2'.
2023-08-23 16:05:15 | INFO     | webdriver.py | ✅ Find 1 element: name=name  -> input 'input3'.
2023-08-23 16:05:15 | INFO     | webdriver.py | ✅ Find 1 element: css selector=[name$=a_dollar]  -> input 'input4'.
2023-08-23 16:05:15 | INFO     | webdriver.py | ✅ Find 1 element: name=ta1  -> input 'hello world
'.
2023-08-23 16:05:15 | INFO     | webdriver.py | ✅ Find 1 element: css selector=[value=cv1]  -> click.
2023-08-23 16:05:15 | INFO     | webdriver.py | ✅ Find 1 element: css selector=[value=cv2]  -> click.
2023-08-23 16:05:15 | INFO     | webdriver.py | ✅ Find 1 element: css selector=[value=cv3]  -> click.
2023-08-23 16:05:15 | INFO     | webdriver.py | ✅ Find 4 element: css selector=[type=checkbox]  -> click.
2023-08-23 16:05:15 | INFO     | webdriver.py | ✅ Find 2 element: name=r1  -> click.
2023-08-23 16:05:15 | INFO     | webdriver.py | ✅ Find 2 element: name=r1  -> click.
2023-08-23 16:05:15 | INFO     | webdriver.py | ✅ Find 2 element: xpath=//*[@type='password']  -> input '123'.
2023-08-23 16:05:15 | INFO     | webdriver.py | ✅ Find 2 element: xpath=//*[@type='password']  -> input '456'.
2023-08-23 16:05:15 | INFO     | webdriver.py | 💤️ sleep: 2s.
2023-08-23 16:05:17 | INFO     | webdriver.py | ✅ Find 1 element: name=s1  -> select option.
2023-08-23 16:05:17 | INFO     | webdriver.py | ✅ accept alert.
2023-08-23 16:05:17 | INFO     | webdriver.py | ✅ Find 1 element: name=s1  -> select option.
2023-08-23 16:05:17 | INFO     | webdriver.py | ✅ accept alert.
2023-08-23 16:05:17 | INFO     | webdriver.py | ✅ Find 1 element: name=s1  -> select option.
2023-08-23 16:05:17 | INFO     | webdriver.py | ✅ accept alert.
]]>			</system-out>
		</testcase>
	</testsuite>
	<testsuite errors="0" failures="0" file="test_002_link.py" name="test_002_link.LinkTest-20230823160500" skipped="0" tests="1" time="27.284" timestamp="2023-08-23T16:05:45">
		<testcase classname="test_002_link.LinkTest" file="github\seldom-web-testing_temp\test_dir\test_002_link.py" line="9" name="test_link" time="27.284" timestamp="2023-08-23T16:05:45">
			<doc>
<![CDATA[
        测试链接
        ]]>			</doc>
			<system-out>
<![CDATA[2023-08-23 16:05:17 | INFO     | webdriver.py | 📖 https://sahitest.com/demo/linkTest.htm
2023-08-23 16:05:42 | INFO     | webdriver.py | ✅ Find 1 element: link text=linkByContent  -> click link.
2023-08-23 16:05:43 | INFO     | webdriver.py | 💤️ sleep: 2s.
2023-08-23 16:05:45 | INFO     | webdriver.py | ✅ Find 1 element: link text=Back  -> click link.
]]>			</system-out>
		</testcase>
	</testsuite>
	<testsuite errors="0" failures="0" file="test_003_iframe.py" name="test_003_iframe.IFrameTest-20230823160500" skipped="0" tests="1" time="1.554" timestamp="2023-08-23T16:05:46">
		<testcase classname="test_003_iframe.IFrameTest" file="github\seldom-web-testing_temp\test_dir\test_003_iframe.py" line="9" name="test_iframe" time="1.554" timestamp="2023-08-23T16:05:46">
			<doc>
<![CDATA[
        测试嵌套表单
        ]]>			</doc>
			<system-out>
<![CDATA[2023-08-23 16:05:45 | INFO     | webdriver.py | 📖 https://sahitest.com/demo/iframesTest.htm
2023-08-23 16:05:46 | INFO     | webdriver.py | ✅ Find 1 element: xpath=//iframe  -> switch to frame.
2023-08-23 16:05:46 | INFO     | webdriver.py | ✅ Find 1 element: xpath=//h2  -> get text: Sahi Tests.
2023-08-23 16:05:46 | INFO     | webdriver.py | ✅ switch to frame out.
2023-08-23 16:05:46 | INFO     | webdriver.py | ✅ Find 1 element: xpath=//h2  -> get text: IFRAME Tests.
]]>			</system-out>
		</testcase>
	</testsuite>
	<testsuite errors="0" failures="0" file="test_004_window.py" name="test_004_window.WindowTest-20230823160500" skipped="0" tests="1" time="4.514" timestamp="2023-08-23T16:05:51">
		<testcase classname="test_004_window.WindowTest" file="github\seldom-web-testing_temp\test_dir\test_004_window.py" line="9" name="test_window" time="4.514" timestamp="2023-08-23T16:05:51">
			<doc>
<![CDATA[
        测试窗口
        ]]>			</doc>
			<system-out>
<![CDATA[2023-08-23 16:05:46 | INFO     | webdriver.py | 📖 https://sahitest.com/demo/
2023-08-23 16:05:47 | INFO     | webdriver.py | ✅ Find 1 element: link text=Window Open Test  -> click link.
2023-08-23 16:05:47 | INFO     | webdriver.py | ✅ switch to the 1 window.
2023-08-23 16:05:47 | INFO     | webdriver.py | 💤️ sleep: 2s.
2023-08-23 16:05:49 | INFO     | webdriver.py | ✅ switch to the 0 window.
2023-08-23 16:05:49 | INFO     | webdriver.py | ✅ Find 1 element: link text=Window Open Test With Title  -> click link.
2023-08-23 16:05:49 | INFO     | webdriver.py | ✅ switch to the 2 window.
2023-08-23 16:05:49 | INFO     | webdriver.py | 💤️ sleep: 2s.
2023-08-23 16:05:51 | INFO     | case.py | 👀 assertTitle -> With Title.
]]>			</system-out>
		</testcase>
	</testsuite>
	<testsuite errors="0" failures="0" file="test_005_ddt.py" name="test_005_ddt.DDTTest-20230823160500" skipped="0" tests="3" time="3.207" timestamp="2023-08-23T16:05:54">
		<testcase classname="test_005_ddt.DDTTest" file="github\seldom-web-testing_temp\test_dir\test_005_ddt.py" line="531" name="test_baidu_0" time="1.161" timestamp="2023-08-23T16:05:52">
			<doc>
<![CDATA[used parameterized test [_='case1']
        :param _: case name
        :param search_key: search keyword
        ]]>			</doc>
			<system-out>
<![CDATA[2023-08-23 16:05:51 | INFO     | webdriver.py | 📖 https://cn.bing.com/
2023-08-23 16:05:51 | INFO     | webdriver.py | ✅ Find 1 element: id=sb_form_q  -> input 'seldom'.
2023-08-23 16:05:52 | INFO     | case.py | 👀 assertInTitle -> seldom.
]]>			</system-out>
		</testcase>
		<testcase classname="test_005_ddt.DDTTest" file="github\seldom-web-testing_temp\test_dir\test_005_ddt.py" line="531" name="test_baidu_1" time="1.049" timestamp="2023-08-23T16:05:53">
			<doc>
<![CDATA[used parameterized test [_='case2']
        :param _: case name
        :param search_key: search keyword
        ]]>			</doc>
			<system-out>
<![CDATA[2023-08-23 16:05:52 | INFO     | webdriver.py | 📖 https://cn.bing.com/
2023-08-23 16:05:52 | INFO     | webdriver.py | ✅ Find 1 element: id=sb_form_q  -> input 'selenium'.
2023-08-23 16:05:53 | INFO     | case.py | 👀 assertInTitle -> selenium.
]]>			</system-out>
		</testcase>
		<testcase classname="test_005_ddt.DDTTest" file="github\seldom-web-testing_temp\test_dir\test_005_ddt.py" line="531" name="test_baidu_2" time="0.997" timestamp="2023-08-23T16:05:54">
			<doc>
<![CDATA[used parameterized test [_='case3']
        :param _: case name
        :param search_key: search keyword
        ]]>			</doc>
			<system-out>
<![CDATA[2023-08-23 16:05:53 | INFO     | webdriver.py | 📖 https://cn.bing.com/
2023-08-23 16:05:53 | INFO     | webdriver.py | ✅ Find 1 element: id=sb_form_q  -> input 'unittest'.
2023-08-23 16:05:54 | INFO     | case.py | 👀 assertInTitle -> unittest.
]]>			</system-out>
		</testcase>
	</testsuite>
	<testsuite errors="2" failures="0" file="test_006_file_ddt.py" name="test_006_file_ddt.FileDataTest-20230823160500" skipped="0" tests="10" time="21.760" timestamp="2023-08-23T16:06:16">
		<testcase classname="test_006_file_ddt.FileDataTest" file="github\seldom-web-testing_temp\test_dir\test_006_file_ddt.py" line="531" name="test_csv_0" time="5.372" timestamp="2023-08-23T16:05:59">
			<doc>
<![CDATA[used file_data test [firstname='Forest']
        ]]>			</doc>
			<system-out>
<![CDATA[2023-08-23 16:05:54 | INFO     | webdriver.py | 📖 https://www.w3school.com.cn/tiy/t.asp?f=eg_html_form_submit
2023-08-23 16:05:58 | INFO     | webdriver.py | ✅ Find 1 element: id=iframeResult  -> switch to frame.
2023-08-23 16:05:58 | INFO     | webdriver.py | ✅ Find 1 element: name=firstname  -> clear input.
2023-08-23 16:05:58 | INFO     | webdriver.py | ✅ Find 1 element: name=firstname  -> input 'Forest'.
2023-08-23 16:05:58 | INFO     | webdriver.py | ✅ Find 1 element: name=lastname  -> clear input.
2023-08-23 16:05:58 | INFO     | webdriver.py | ✅ Find 1 element: name=lastname  -> input 'Hobbs'.
2023-08-23 16:05:58 | INFO     | webdriver.py | 💤️ sleep: 1s.
]]>			</system-out>
		</testcase>
		<testcase classname="test_006_file_ddt.FileDataTest" file="github\seldom-web-testing_temp\test_dir\test_006_file_ddt.py" line="531" name="test_csv_1" time="2.557" timestamp="2023-08-23T16:06:02">
			<doc>
<![CDATA[used file_data test [firstname='Ferdinand']
        ]]>			</doc>
			<system-out>
<![CDATA[2023-08-23 16:05:59 | INFO     | webdriver.py | 📖 https://www.w3school.com.cn/tiy/t.asp?f=eg_html_form_submit
2023-08-23 16:06:01 | INFO     | webdriver.py | ✅ Find 1 element: id=iframeResult  -> switch to frame.
2023-08-23 16:06:01 | INFO     | webdriver.py | ✅ Find 1 element: name=firstname  -> clear input.
2023-08-23 16:06:01 | INFO     | webdriver.py | ✅ Find 1 element: name=firstname  -> input 'Ferdinand'.
2023-08-23 16:06:01 | INFO     | webdriver.py | ✅ Find 1 element: name=lastname  -> clear input.
2023-08-23 16:06:01 | INFO     | webdriver.py | ✅ Find 1 element: name=lastname  -> input 'Lozano'.
2023-08-23 16:06:01 | INFO     | webdriver.py | 💤️ sleep: 1s.
]]>			</system-out>
		</testcase>
		<testcase classname="test_006_file_ddt.FileDataTest" file="github\seldom-web-testing_temp\test_dir\test_006_file_ddt.py" line="531" name="test_excel_0" time="2.255" timestamp="2023-08-23T16:06:04">
			<doc>
<![CDATA[used file_data test [firstname='Marshall']
        ]]>			</doc>
			<system-out>
<![CDATA[2023-08-23 16:06:02 | INFO     | webdriver.py | 📖 https://www.w3school.com.cn/tiy/t.asp?f=eg_html_form_submit
2023-08-23 16:06:03 | INFO     | webdriver.py | ✅ Find 1 element: id=iframeResult  -> switch to frame.
2023-08-23 16:06:03 | INFO     | webdriver.py | ✅ Find 1 element: name=firstname  -> clear input.
2023-08-23 16:06:03 | INFO     | webdriver.py | ✅ Find 1 element: name=firstname  -> input 'Marshall'.
2023-08-23 16:06:03 | INFO     | webdriver.py | ✅ Find 1 element: name=lastname  -> clear input.
2023-08-23 16:06:03 | INFO     | webdriver.py | ✅ Find 1 element: name=lastname  -> input 'Conrad'.
2023-08-23 16:06:03 | INFO     | webdriver.py | 💤️ sleep: 1s.
]]>			</system-out>
		</testcase>
		<testcase classname="test_006_file_ddt.FileDataTest" file="github\seldom-web-testing_temp\test_dir\test_006_file_ddt.py" line="531" name="test_excel_1" time="2.313" timestamp="2023-08-23T16:06:07">
			<doc>
<![CDATA[used file_data test [firstname='Ruthie']
        ]]>			</doc>
			<system-out>
<![CDATA[2023-08-23 16:06:04 | INFO     | webdriver.py | 📖 https://www.w3school.com.cn/tiy/t.asp?f=eg_html_form_submit
2023-08-23 16:06:05 | INFO     | webdriver.py | ✅ Find 1 element: id=iframeResult  -> switch to frame.
2023-08-23 16:06:05 | INFO     | webdriver.py | ✅ Find 1 element: name=firstname  -> clear input.
2023-08-23 16:06:05 | INFO     | webdriver.py | ✅ Find 1 element: name=firstname  -> input 'Ruthie'.
2023-08-23 16:06:05 | INFO     | webdriver.py | ✅ Find 1 element: name=lastname  -> clear input.
2023-08-23 16:06:05 | INFO     | webdriver.py | ✅ Find 1 element: name=lastname  -> input 'Pitts'.
2023-08-23 16:06:06 | INFO     | webdriver.py | 💤️ sleep: 1s.
]]>			</system-out>
		</testcase>
		<testcase classname="test_006_file_ddt.FileDataTest" file="github\seldom-web-testing_temp\test_dir\test_006_file_ddt.py" line="531" name="test_json_list_0" time="2.311" timestamp="2023-08-23T16:06:09">
			<doc>
<![CDATA[used file_data test [firstname='Wayne']
        ]]>			</doc>
			<system-out>
<![CDATA[2023-08-23 16:06:07 | INFO     | webdriver.py | 📖 https://www.w3school.com.cn/tiy/t.asp?f=eg_html_form_submit
2023-08-23 16:06:08 | INFO     | webdriver.py | ✅ Find 1 element: id=iframeResult  -> switch to frame.
2023-08-23 16:06:08 | INFO     | webdriver.py | ✅ Find 1 element: name=firstname  -> clear input.
2023-08-23 16:06:08 | INFO     | webdriver.py | ✅ Find 1 element: name=firstname  -> input 'Wayne'.
2023-08-23 16:06:08 | INFO     | webdriver.py | ✅ Find 1 element: name=lastname  -> clear input.
2023-08-23 16:06:08 | INFO     | webdriver.py | ✅ Find 1 element: name=lastname  -> input 'Burch'.
2023-08-23 16:06:08 | INFO     | webdriver.py | 💤️ sleep: 1s.
]]>			</system-out>
		</testcase>
		<testcase classname="test_006_file_ddt.FileDataTest" file="github\seldom-web-testing_temp\test_dir\test_006_file_ddt.py" line="531" name="test_json_list_1" time="2.364" timestamp="2023-08-23T16:06:11">
			<doc>
<![CDATA[used file_data test [firstname='Jamie-louise']
        ]]>			</doc>
			<system-out>
<![CDATA[2023-08-23 16:06:09 | INFO     | webdriver.py | 📖 https://www.w3school.com.cn/tiy/t.asp?f=eg_html_form_submit
2023-08-23 16:06:10 | INFO     | webdriver.py | ✅ Find 1 element: id=iframeResult  -> switch to frame.
2023-08-23 16:06:10 | INFO     | webdriver.py | ✅ Find 1 element: name=firstname  -> clear input.
2023-08-23 16:06:10 | INFO     | webdriver.py | ✅ Find 1 element: name=firstname  -> input 'Jamie-louise'.
2023-08-23 16:06:10 | INFO     | webdriver.py | ✅ Find 1 element: name=lastname  -> clear input.
2023-08-23 16:06:10 | INFO     | webdriver.py | ✅ Find 1 element: name=lastname  -> input 'Wong'.
2023-08-23 16:06:10 | INFO     | webdriver.py | 💤️ sleep: 1s.
]]>			</system-out>
		</testcase>
		<testcase classname="test_006_file_ddt.FileDataTest" file="github\seldom-web-testing_temp\test_dir\test_006_file_ddt.py" line="531" name="test_yaml_list_0" time="2.390" timestamp="2023-08-23T16:06:14">
			<doc>
<![CDATA[used file_data test [username='Tom']
        ]]>			</doc>
			<system-out>
<![CDATA[2023-08-23 16:06:11 | INFO     | webdriver.py | 📖 https://www.w3school.com.cn/tiy/t.asp?f=eg_html_form_submit
2023-08-23 16:06:12 | INFO     | webdriver.py | ✅ Find 1 element: id=iframeResult  -> switch to frame.
2023-08-23 16:06:12 | INFO     | webdriver.py | ✅ Find 1 element: name=firstname  -> clear input.
2023-08-23 16:06:12 | INFO     | webdriver.py | ✅ Find 1 element: name=firstname  -> input 'Tom'.
2023-08-23 16:06:12 | INFO     | webdriver.py | ✅ Find 1 element: name=lastname  -> clear input.
2023-08-23 16:06:13 | INFO     | webdriver.py | ✅ Find 1 element: name=lastname  -> input 'tom123'.
2023-08-23 16:06:13 | INFO     | webdriver.py | 💤️ sleep: 1s.
]]>			</system-out>
		</testcase>
		<testcase classname="test_006_file_ddt.FileDataTest" file="github\seldom-web-testing_temp\test_dir\test_006_file_ddt.py" line="531" name="test_yaml_list_1" time="2.194" timestamp="2023-08-23T16:06:16">
			<doc>
<![CDATA[used file_data test [username='Jerry']
        ]]>			</doc>
			<system-out>
<![CDATA[2023-08-23 16:06:14 | INFO     | webdriver.py | 📖 https://www.w3school.com.cn/tiy/t.asp?f=eg_html_form_submit
2023-08-23 16:06:15 | INFO     | webdriver.py | ✅ Find 1 element: id=iframeResult  -> switch to frame.
2023-08-23 16:06:15 | INFO     | webdriver.py | ✅ Find 1 element: name=firstname  -> clear input.
2023-08-23 16:06:15 | INFO     | webdriver.py | ✅ Find 1 element: name=firstname  -> input 'Jerry'.
2023-08-23 16:06:15 | INFO     | webdriver.py | ✅ Find 1 element: name=lastname  -> clear input.
2023-08-23 16:06:15 | INFO     | webdriver.py | ✅ Find 1 element: name=lastname  -> input 'jerry123'.
2023-08-23 16:06:15 | INFO     | webdriver.py | 💤️ sleep: 1s.
]]>			</system-out>
		</testcase>
		<testcase classname="test_006_file_ddt.FileDataTest" file="github\seldom-web-testing_temp\test_dir\test_006_file_ddt.py" line="531" name="test_json_dict_0" time="0.002" timestamp="2023-08-23T16:06:07">
			<doc>
<![CDATA[used file_data test [_='Tom']
        ]]>			</doc>
			<error message="test_json_dict() missing 1 required positional argument: 'password'" type="TypeError">
<![CDATA[Traceback (most recent call last):
  File "E:\Software\Python37\lib\site-packages\parameterized\parameterized.py", line 533, in standalone_func
    return func(*(a + p.args), **p.kwargs)
TypeError: test_json_dict() missing 1 required positional argument: 'password'
]]>			</error>
		</testcase>
		<testcase classname="test_006_file_ddt.FileDataTest" file="github\seldom-web-testing_temp\test_dir\test_006_file_ddt.py" line="531" name="test_json_dict_1" time="0.002" timestamp="2023-08-23T16:06:07">
			<doc>
<![CDATA[used file_data test [_='Jerry']
        ]]>			</doc>
			<error message="test_json_dict() missing 1 required positional argument: 'password'" type="TypeError">
<![CDATA[Traceback (most recent call last):
  File "E:\Software\Python37\lib\site-packages\parameterized\parameterized.py", line 533, in standalone_func
    return func(*(a + p.args), **p.kwargs)
TypeError: test_json_dict() missing 1 required positional argument: 'password'
]]>			</error>
		</testcase>
	</testsuite>
</testsuites>
